c:\users\artyom\desktop\world-vs\debug\vc143.pdb
c:\users\artyom\desktop\world-vs\debug\vc143.idb
c:\users\artyom\desktop\world-vs\debug\world-vs.obj
c:\users\artyom\desktop\world-vs\debug\gametime.obj
c:\users\artyom\desktop\world-vs\debug\screen.obj
c:\users\artyom\desktop\world-vs\debug\data.obj
c:\users\artyom\desktop\world-vs\debug\control.obj
c:\users\artyom\desktop\world-vs\debug\world-vs.exe
c:\users\artyom\desktop\world-vs\debug\world-vs.ilk
c:\users\artyom\desktop\world-vs\debug\world-vs.pdb
c:\users\artyom\desktop\world-vs\debug\world-vs.res
c:\users\artyom\desktop\world-vs\debug\world-vs.tlog\cl.command.1.tlog
c:\users\artyom\desktop\world-vs\debug\world-vs.tlog\cl.read.1.tlog
c:\users\artyom\desktop\world-vs\debug\world-vs.tlog\cl.write.1.tlog
c:\users\artyom\desktop\world-vs\debug\world-vs.tlog\link.command.1.tlog
c:\users\artyom\desktop\world-vs\debug\world-vs.tlog\link.read.1.tlog
c:\users\artyom\desktop\world-vs\debug\world-vs.tlog\link.write.1.tlog
c:\users\artyom\desktop\world-vs\debug\world-vs.tlog\rc.command.1.tlog
c:\users\artyom\desktop\world-vs\debug\world-vs.tlog\rc.read.1.tlog
c:\users\artyom\desktop\world-vs\debug\world-vs.tlog\rc.write.1.tlog
