  control.cpp
C:\Users\Artyom\Desktop\world-vs\control.cpp(60,22): warning C4244: 'initializing': conversion from 'double' to 'float', possible loss of data
C:\Users\Artyom\Desktop\world-vs\control.cpp(64,45): warning C4244: '=': conversion from 'double' to 'T', possible loss of data
          with
          [
              T=float
          ]
C:\Users\Artyom\Desktop\world-vs\control.cpp(65,39): warning C4244: '=': conversion from 'double' to 'T', possible loss of data
          with
          [
              T=float
          ]
C:\Users\Artyom\Desktop\world-vs\control.cpp(66,45): warning C4244: '=': conversion from 'double' to 'T', possible loss of data
          with
          [
              T=float
          ]
C:\Users\Artyom\Desktop\world-vs\control.cpp(85,25): warning C4244: 'initializing': conversion from 'double' to 'float', possible loss of data
  gametime.cpp
C:\Users\Artyom\Desktop\world-vs\gametime.cpp(10,24): warning C4244: '=': conversion from 'double' to 'float', possible loss of data
C:\Users\Artyom\Desktop\world-vs\gametime.cpp(26,20): warning C4244: '=': conversion from 'double' to 'float', possible loss of data
  screen.cpp
C:\Users\Artyom\Desktop\world-vs\screen.cpp(20,15): warning C4244: 'initializing': conversion from 'double' to 'float', possible loss of data
C:\Users\Artyom\Desktop\world-vs\screen.cpp(56,28): warning C4305: 'argument': truncation from 'double' to 'GLfloat'
C:\Users\Artyom\Desktop\world-vs\screen.cpp(59,28): warning C4305: 'argument': truncation from 'double' to 'GLfloat'
C:\Users\Artyom\Desktop\world-vs\screen.cpp(62,28): warning C4305: 'argument': truncation from 'double' to 'GLfloat'
  world-vs.cpp
C:\Users\Artyom\Desktop\world-vs\world-vs.cpp(92,19): warning C4244: 'argument': conversion from 'time_t' to 'unsigned int', possible loss of data
C:\Users\Artyom\Desktop\world-vs\world-vs.cpp(115,26): warning C4244: 'argument': conversion from 'LPARAM' to 'DWORD', possible loss of data
C:\Users\Artyom\Desktop\world-vs\world-vs.cpp(158,15): warning C4244: 'argument': conversion from 'double' to 'GLfloat', possible loss of data
  Generating Code...
C:\Users\Artyom\Desktop\world-vs\world-vs.cpp(134): warning C4715: 'WindowProc': not all control paths return a value
control.obj : error LNK2019: unresolved external symbol XInputGetState referenced in function "void __cdecl ReadGamepadInput(void)" (?ReadGamepadInput@@YAXXZ)
screen.obj : error LNK2019: unresolved external symbol __imp_glColor3f referenced in function "void __cdecl screen::DrawStars(void)" (?DrawStars@screen@@YAXXZ)
world-vs.obj : error LNK2001: unresolved external symbol __imp_glColor3f
screen.obj : error LNK2019: unresolved external symbol __imp_glDisableClientState referenced in function "void __cdecl screen::DrawStars(void)" (?DrawStars@screen@@YAXXZ)
world-vs.obj : error LNK2001: unresolved external symbol __imp_glDisableClientState
screen.obj : error LNK2019: unresolved external symbol __imp_glDrawArrays referenced in function "void __cdecl screen::DrawStars(void)" (?DrawStars@screen@@YAXXZ)
world-vs.obj : error LNK2001: unresolved external symbol __imp_glDrawArrays
screen.obj : error LNK2019: unresolved external symbol __imp_glEnable referenced in function "void __cdecl screen::DrawStars(void)" (?DrawStars@screen@@YAXXZ)
world-vs.obj : error LNK2001: unresolved external symbol __imp_glEnable
screen.obj : error LNK2019: unresolved external symbol __imp_glEnableClientState referenced in function "void __cdecl screen::DrawStars(void)" (?DrawStars@screen@@YAXXZ)
world-vs.obj : error LNK2001: unresolved external symbol __imp_glEnableClientState
screen.obj : error LNK2019: unresolved external symbol __imp_glLoadIdentity referenced in function "void __cdecl screen::DrawStars(void)" (?DrawStars@screen@@YAXXZ)
world-vs.obj : error LNK2001: unresolved external symbol __imp_glLoadIdentity
screen.obj : error LNK2019: unresolved external symbol __imp_glMatrixMode referenced in function "void __cdecl screen::DrawStars(void)" (?DrawStars@screen@@YAXXZ)
world-vs.obj : error LNK2001: unresolved external symbol __imp_glMatrixMode
screen.obj : error LNK2019: unresolved external symbol __imp_glPointSize referenced in function "void __cdecl screen::DrawStars(void)" (?DrawStars@screen@@YAXXZ)
screen.obj : error LNK2019: unresolved external symbol __imp_glVertexPointer referenced in function "void __cdecl screen::DrawStars(void)" (?DrawStars@screen@@YAXXZ)
world-vs.obj : error LNK2001: unresolved external symbol __imp_glVertexPointer
screen.obj : error LNK2019: unresolved external symbol gluLookAt referenced in function "void __cdecl screen::DrawStars(void)" (?DrawStars@screen@@YAXXZ)
world-vs.obj : error LNK2001: unresolved external symbol gluLookAt
world-vs.obj : error LNK2019: unresolved external symbol __imp_wglCreateContext referenced in function "__int64 __cdecl WindowProc(struct HWND__ *,unsigned int,unsigned __int64,__int64)" (?WindowProc@@YA_JPEAUHWND__@@I_K_J@Z)
world-vs.obj : error LNK2019: unresolved external symbol __imp_wglDeleteContext referenced in function "__int64 __cdecl WindowProc(struct HWND__ *,unsigned int,unsigned __int64,__int64)" (?WindowProc@@YA_JPEAUHWND__@@I_K_J@Z)
world-vs.obj : error LNK2019: unresolved external symbol __imp_wglMakeCurrent referenced in function "__int64 __cdecl WindowProc(struct HWND__ *,unsigned int,unsigned __int64,__int64)" (?WindowProc@@YA_JPEAUHWND__@@I_K_J@Z)
world-vs.obj : error LNK2019: unresolved external symbol __imp_glClear referenced in function "void __cdecl Draw(void)" (?Draw@@YAXXZ)
world-vs.obj : error LNK2019: unresolved external symbol __imp_glClearColor referenced in function "void __cdecl Draw(void)" (?Draw@@YAXXZ)
world-vs.obj : error LNK2019: unresolved external symbol __imp_glDisable referenced in function "void __cdecl Draw(void)" (?Draw@@YAXXZ)
world-vs.obj : error LNK2019: unresolved external symbol __imp_glHint referenced in function "__int64 __cdecl WindowProc(struct HWND__ *,unsigned int,unsigned __int64,__int64)" (?WindowProc@@YA_JPEAUHWND__@@I_K_J@Z)
world-vs.obj : error LNK2019: unresolved external symbol __imp_glLightfv referenced in function "void __cdecl Draw(void)" (?Draw@@YAXXZ)
world-vs.obj : error LNK2019: unresolved external symbol __imp_glNormalPointer referenced in function "void __cdecl Draw(void)" (?Draw@@YAXXZ)
world-vs.obj : error LNK2019: unresolved external symbol __imp_glRotatef referenced in function "void __cdecl Draw(void)" (?Draw@@YAXXZ)
world-vs.obj : error LNK2019: unresolved external symbol __imp_glShadeModel referenced in function "__int64 __cdecl WindowProc(struct HWND__ *,unsigned int,unsigned __int64,__int64)" (?WindowProc@@YA_JPEAUHWND__@@I_K_J@Z)
world-vs.obj : error LNK2019: unresolved external symbol __imp_glTranslatef referenced in function "void __cdecl Draw(void)" (?Draw@@YAXXZ)
world-vs.obj : error LNK2019: unresolved external symbol __imp_glViewport referenced in function "__int64 __cdecl WindowProc(struct HWND__ *,unsigned int,unsigned __int64,__int64)" (?WindowProc@@YA_JPEAUHWND__@@I_K_J@Z)
world-vs.obj : error LNK2019: unresolved external symbol gluPerspective referenced in function "void __cdecl Draw(void)" (?Draw@@YAXXZ)
C:\Users\Artyom\Desktop\world-vs\lib\OpenGL32.Lib : warning LNK4272: library machine type 'x86' conflicts with target machine type 'x64'
C:\Users\Artyom\Desktop\world-vs\lib\GlU32.Lib : warning LNK4272: library machine type 'x86' conflicts with target machine type 'x64'
C:\Users\Artyom\Desktop\world-vs\lib\xinput.lib : warning LNK4272: library machine type 'x86' conflicts with target machine type 'x64'
C:\Users\Artyom\Desktop\world-vs\x64\Debug\world-vs.exe : fatal error LNK1120: 25 unresolved externals
